~~~~~~~~~~
CHEM
102
General Chemistry 
3 hours
<p>For students who have some prior knowledge of chemistry. Principles governing atomic structure, bonding, states of matter, stoichiometry, and chemical equilibrium. </p>
<p>Credit is not given for both <a href="/schedule/terms/CHEM/102">CHEM 102</a> and <a href="/schedule/terms/CHEM/202">CHEM 202</a>. <a href="/schedule/terms/CHEM/102">CHEM 102</a> and <a href="/schedule/terms/CHEM/103">CHEM 103</a> are approved for General Education credit only as a sequence. Both courses must be completed to receive Natural Science and Technology credit. Prerequisite: Credit in or exemption from <a href="/schedule/terms/MATH/012">MATH 012</a>; one year of high school chemistry or equivalent. All students enrolled in <a href="/schedule/terms/CHEM/102">CHEM 102</a> should also enroll in <a href="/schedule/terms/CHEM/103">CHEM 103</a>.</p>
<p>Students must register for a combination of one lecture and one quiz section beginning with the same letter.</p>

[u'Physical Sciences']
https://courses.illinois.edu/schedule/DEFAULT/DEFAULT/CHEM/102

~~~~~~~~~~
CHEM
103
General Chemistry Lab 
1 hours
<p>Laboratory studies to accompany <a href="/schedule/terms/CHEM/102">CHEM 102</a>. </p>
<p>Additional fees may apply. See Class Schedule. Credit is not given for both <a href="/schedule/terms/CHEM/103">CHEM 103</a> and <a href="/schedule/terms/CHEM/203">CHEM 203</a>. <a href="/schedule/terms/CHEM/102">CHEM 102</a> and <a href="/schedule/terms/CHEM/103">CHEM 103</a> are approved for General Education credit only as a sequence. Both courses must be completed to receive Natural Science and Technology credit. Prerequisite: Credit or concurrent registration in <a href="/schedule/terms/CHEM/102">CHEM 102</a> is required.</p>
<p><a href="/schedule/terms/CHEM/103">CHEM 103</a> is the laboratory course that accompanies <a href="/schedule/terms/CHEM/102">CHEM 102</a>. Engineering students must obtain a dean's approval to drop this course after the second week of instruction.</p>

[u'Physical Sciences']
https://courses.illinois.edu/schedule/DEFAULT/DEFAULT/CHEM/103

~~~~~~~~~~
CHEM
104
General Chemistry I
3 hours
<p>Lecture and discussions. Chemistry of materials, including organic and biological substances, chemical energetics and equilibrium, chemical kinetics, and electrochemistry. </p>
<p>Credit is not given for both <a href="/schedule/terms/CHEM/104">CHEM 104</a> and <a href="/schedule/terms/CHEM/204">CHEM 204</a>. Prerequisite: <a href="/schedule/terms/CHEM/102">CHEM 102</a> or <a href="/schedule/terms/CHEM/202">CHEM 202</a> or advanced placement credit for one semester of college-level chemistry.</p>
<p>All students enrolled in <a href="/schedule/terms/CHEM/104">CHEM 104</a> should also enroll in <a href="/schedule/terms/CHEM/105">CHEM 105</a>. Students must register for a combination of one lecture and one quiz section beginning with the same letter.
Engineering students must obtain a dean's approval to drop this course after the second week of instruction. <a href="/schedule/terms/CHEM/104">CHEM 104</a> and <a href="/schedule/terms/CHEM/105">CHEM 105</a> are approved for General Education credit only as a sequence. Both courses must be completed to receive Natural Science and Technology credit.</p>

[u'Physical Sciences']
https://courses.illinois.edu/schedule/DEFAULT/DEFAULT/CHEM/104

~~~~~~~~~~
CS
101
Intro Computing: Engrg &amp; Sc
3 hours
<p>Fundamental principles, concepts, and methods of computing, with emphasis on applications in the physical sciences and engineering. Basic problem solving and programming techniques; fundamental algorithms and data structures; use of computers in solving engineering and scientific problems. Intended for engineering and science majors. </p>
<p>Prerequisite: <a href="/schedule/terms/MATH/220">MATH 220</a> or <a href="/schedule/terms/MATH/221">MATH 221</a>.</p>
<p>Students must register for one lab-discussion and one lecture section. Engineering students must obtain a dean's approval to drop this course after the second week of instruction.</p>

[u'Quant Reasoning II']
https://courses.illinois.edu/schedule/DEFAULT/DEFAULT/CS/101

~~~~~~~~~~
CS
125
Intro to Computer Scienc
4 hours
<p>Basic concepts in computing and fundamental techniques for solving computational problems. Intended as a first course for computer science majors and others with a deep interest in computing. </p>
<p>Prerequisite: Three years of high school mathematics or <a href="/schedule/terms/MATH/112">MATH 112</a>.</p>
<p>Students must register for one lab-discussion and one lecture section. Engineering students must obtain a dean's approval to drop this course after the second week of instruction.</p>

[u'Quant Reasoning I']
https://courses.illinois.edu/schedule/DEFAULT/DEFAULT/CS/125

~~~~~~~~~~
CS
126
Software Design Studi
3 hours
<p>Fundamental principles and techniques of software development. Design, documentation, testing, and debugging software, with a significant emphasis on code review. </p>
<p>Credit is not given for both <a href="/schedule/terms/CS/242">CS 242</a> and <a href="/schedule/terms/CS/126">CS 126</a>. Prerequisite: <a href="/schedule/terms/CS/125">CS 125</a>. For majors only.</p>
None
https://courses.illinois.edu/schedule/DEFAULT/DEFAULT/CS/126

~~~~~~~~~~
CS
173
Discrete Structure
3 hours
<p>Discrete mathematical structures frequently encountered in the study of Computer Science. Sets, propositions, Boolean algebra, induction, recursion, relations, functions, and graphs. </p>
<p>Credit is not given for both <a href="/schedule/terms/CS/173">CS 173</a> and <a href="/schedule/terms/MATH/213">MATH 213</a>. Prerequisite: One of <a href="/schedule/terms/CS/125">CS 125</a>, <a href="/schedule/terms/ECE/220">ECE 220</a>; one of <a href="/schedule/terms/MATH/220">MATH 220</a>, <a href="/schedule/terms/MATH/221">MATH 221</a>.</p>
<p>Students must register for a lecture and discussion section.</p>
None
https://courses.illinois.edu/schedule/DEFAULT/DEFAULT/CS/173

~~~~~~~~~~
CS
225
Data Structure
4 hours
<p>Data abstractions: elementary data structures (lists, stacks, queues, and trees) and their implementation using an object-oriented programming language. Solutions to a variety of computational problems such as search on graphs and trees. Elementary analysis of algorithms. </p>
<p>Prerequisite: <a href="/schedule/terms/CS/125">CS 125</a> or <a href="/schedule/terms/ECE/220">ECE 220</a>; <a href="/schedule/terms/CS/173">CS 173</a> or <a href="/schedule/terms/MATH/213">MATH 213</a>.</p>
<p>Students must register for one lecture-discussion and one lecture section.</p>

[u'Quant Reasoning II']
https://courses.illinois.edu/schedule/DEFAULT/DEFAULT/CS/225

~~~~~~~~~~
CS
233
Computer Architectur
4 hours
<p>Fundamentals of computer architecture: digital logic design, working up from the logic gate level to understand the function of a simple computer; machine-level programming to understand implementation of high-level languages; performance models of modern computer architectures to enable performance optimization of software; hardware primitives for parallelism and security. </p>
<p>Prerequisite: <a href="/schedule/terms/CS/125">CS 125</a> and <a href="/schedule/terms/CS/173">CS 173</a>; credit or concurrent enrollment in <a href="/schedule/terms/CS/225">CS 225</a>.</p>
None
https://courses.illinois.edu/schedule/DEFAULT/DEFAULT/CS/233

~~~~~~~~~~
CS
241
System Programmin
4 hours
<p>Basics of system programming, including POSIX processes, process control, inter-process communication, synchronization, signals, simple memory management, file I/O and directories, shell programming, socket network programming, RPC programming in distributed systems, basic security mechanisms, and standard tools for systems programming such as debugging tools. </p>
<p>Credit is not given for both <a href="/schedule/terms/CS/241">CS 241</a> and <a href="/schedule/terms/ECE/391">ECE 391</a>. Prerequisite: <a href="/schedule/terms/CS/225">CS 225</a>; credit or concurrent registration in <a href="/schedule/terms/CS/233">CS 233</a>.</p>
<p>Students must register for one lecture and one discussion section.</p>
None
https://courses.illinois.edu/schedule/DEFAULT/DEFAULT/CS/241

~~~~~~~~~~
CS
357
Numerical Methods 
3 hours
<p>Fundamentals of numerical methods for students in science and engineering; floating-point computation, systems of linear equations, approximation of functions and integrals, the single nonlinear equation, and the numerical solution of ordinary differential equations; various applications in science and engineering; programming exercises and use of high quality mathematical library routines. </p>
<p>Same as <a href="/schedule/2017/fall/MATH/357">MATH 357</a>. Credit is not given for <a href="/schedule/2017/fall/CS/357">CS 357</a> if credit for <a href="/schedule/2017/fall/CS/450">CS 450</a> has been earned. (Counts for advanced hours in LAS). Prerequisite: A 100-level computer science course; <a href="/schedule/2017/fall/MATH/225">MATH 225</a> or <a href="/schedule/2017/fall/MATH/415">MATH 415</a>; <a href="/schedule/2017/fall/MATH/241">MATH 241</a>.</p>
None
https://courses.illinois.edu/schedule/DEFAULT/DEFAULT/CS/357

~~~~~~~~~~
CS
374
Introduction to Algorithms &amp; Models of Computatio
4 hours
<p>Analysis of algorithms, major paradigms of algorithm design including recursive algorithms, divide-and-conquer algorithms, dynamic programming, greedy algorithms, and graph algorithms. Formal models of computation including finite automata and Turing machines. Limitations of computation arising from fundamental notions of algorithm and from complexity-theoretic constraints. Reductions, undecidability and NP-completeness. </p>
<p>Same as <a href="/schedule/2017/fall/ECE/374">ECE 374</a>. Prerequisite: <a href="/schedule/2017/fall/CS/225">CS 225</a>; <a href="/schedule/2017/fall/MATH/225">MATH 225</a> or <a href="/schedule/2017/fall/MATH/415">MATH 415</a>.</p>
None
https://courses.illinois.edu/schedule/DEFAULT/DEFAULT/CS/374

~~~~~~~~~~
CS
412
Introduction to Data Minin
3 OR 4 hours
<p>Concepts, techniques, and systems of data warehousing and data mining. Design and implementation of data warehouse and on-line analytical processing (OLAP) systems; data mining concepts, methods, systems, implementations, and applications. </p>
<p>3 undergraduate hours. 3 or 4 graduate hours. Prerequisite: <a href="/schedule/terms/CS/225">CS 225</a>.</p>
None
https://courses.illinois.edu/schedule/DEFAULT/DEFAULT/CS/412

~~~~~~~~~~
CS
418
Interactive Computer Graphic
3 or 4 hours
<p>Basic mathematical tools and computational techniques for modeling, rendering, and animating 3-D scenes. </p>
<p>Same as <a href="/schedule/2017/fall/CSE/427">CSE 427</a>. 3 undergraduate hours. 3 or 4 graduate hours. Prerequisite: <a href="/schedule/2017/fall/CS/225">CS 225</a>; <a href="/schedule/2017/fall/MATH/225">MATH 225</a> or <a href="/schedule/2017/fall/MATH/415">MATH 415</a>; <a href="/schedule/2017/fall/MATH/241">MATH 241</a>.</p>
<p>Students will register for a lecture and a discussion section.</p>
None
https://courses.illinois.edu/schedule/DEFAULT/DEFAULT/CS/418

~~~~~~~~~~
CS
421
Progrmg Languages &amp; Compiler
3 OR 4 hours
<p>Structure of programming languages and their implementation. Basic language design principles; abstract data types; functional languages; type systems; object-oriented languages. Basics of lexing, parsing, syntax-directed translation, semantic analysis, and code generation. </p>
<p>3 undergraduate hours. 3 or 4 graduate hours. Prerequisite: <a href="/schedule/terms/CS/233">CS 233</a> and <a href="/schedule/terms/CS/373">CS 373</a>.</p>
None
https://courses.illinois.edu/schedule/DEFAULT/DEFAULT/CS/421

~~~~~~~~~~
CS
498
Special Topic
1 to 4 hours
<p>Subject offerings of new and developing areas of knowledge in computer science intended to augment the existing curriculum. See Class Schedule or departmental course information for topics and prerequisites. </p>
<p>1 to 4 undergraduate hours. 1 to 4 graduate hours. May be repeated in the same or separate terms if topics vary.</p>
None
https://courses.illinois.edu/schedule/DEFAULT/DEFAULT/CS/498

~~~~~~~~~~
ECON
103
Macroeconomic Principle
3 hours
<p>Introduction to the theory of determination of total or aggregate income, employment, output, price levels, and the role of money in the economy. Primary emphasis on monetary and fiscal policy, inflation, unemployment, economic growth, and international economics.</p>
<p>You may take <a href="/schedule/terms/ECON/103">ECON 103</a> before <a href="/schedule/terms/ECON/102">ECON 102</a>. There is no prerequisite. Students must register for one quiz and one lecture section.</p>

[u'Social Sciences']
https://courses.illinois.edu/schedule/DEFAULT/DEFAULT/ECON/103

~~~~~~~~~~
MATH
220
Calculu
5 hours
<p>First course in calculus and analytic geometry; basic techniques of differentiation and integration with applications including curve sketching; antidifferentation, the Riemann integral, fundamental theorem, exponential and trigonometric functions. </p>
<p>Credit is not given for both <a href="/schedule/terms/MATH/220">MATH 220</a> and either <a href="/schedule/terms/MATH/221">MATH 221</a> or <a href="/schedule/terms/MATH/234">MATH 234</a>. Prerequisite: An adequate ALEKS placement score as described at http://math.illinois.edu/ALEKS/, demonstrating knowledge of topics of <a href="/schedule/terms/MATH/115">MATH 115</a>. Students with previous calculus experience should consider <a href="/schedule/terms/MATH/221">MATH 221</a>.</p>
<p>Students must register for one discussion and one lecture section beginning with the same letter in Fall and Spring terms only. Engineering students must obtain a dean's approval to drop this course after the second week of instruction.</p>

[u'Quant Reasoning I']
https://courses.illinois.edu/schedule/DEFAULT/DEFAULT/MATH/220

~~~~~~~~~~
MATH
231
Calculus I
3 hours
<p>Second course in calculus and analytic geometry: techniques of integration, conic sections, polar coordinates, and infinite series. </p>
<p>Prerequisite: <a href="/schedule/terms/MATH/220">MATH 220</a> or <a href="/schedule/terms/MATH/221">MATH 221</a>.</p>
<p>Students must register for one discussion and one lecture section beginning with the same letter in Fall and Spring terms only. Engineering students must obtain a dean's approval to drop this course after the second week of instruction.</p>

[u'Quant Reasoning I']
https://courses.illinois.edu/schedule/DEFAULT/DEFAULT/MATH/231

~~~~~~~~~~
MATH
241
Calculus II
4 hours
<p>Third course in calculus and analytic geometry including vector analysis: Euclidean space, partial differentiation, multiple integrals, line integrals and surface integrals, the integral theorems of vector calculus. </p>
<p>Credit is not given for both <a href="/schedule/terms/MATH/241">MATH 241</a> and <a href="/schedule/terms/MATH/292">MATH 292</a>. Prerequisite: <a href="/schedule/terms/MATH/231">MATH 231</a>.</p>
<p>Students must register for one discussion and one lecture section beginning with the same letter in Fall and Spring terms only. Engineering students must obtain a dean's approval to drop this course after the second week of instruction.</p>

[u'Quant Reasoning II']
https://courses.illinois.edu/schedule/DEFAULT/DEFAULT/MATH/241

~~~~~~~~~~
MATH
415
Applied Linear Algebr
3 or 4 hours
<p>Introductory course emphasizing techniques of linear algebra with applications to engineering; topics include matrix operations, determinants, linear equations, vector spaces, linear transformations, eigenvalues, and eigenvectors, inner products and norms, orthogonality, equilibrium, and linear dynamical systems. </p>
<p>3 or 4 undergraduate hours. 3 or 4 graduate hours. Credit is not given for both <a href="/schedule/terms/MATH/415">MATH 415</a> and any of <a href="/schedule/terms/MATH/125">MATH 125</a>, <a href="/schedule/terms/MATH/225">MATH 225</a>, <a href="/schedule/terms/MATH/410">MATH 410</a>, or <a href="/schedule/terms/MATH/416">MATH 416</a>. 4 hours of credit requires approval of the instructor and department with completion of additional work of substance. Prerequisite: <a href="/schedule/terms/MATH/241">MATH 241</a> or consent of instructor.</p>
None
https://courses.illinois.edu/schedule/DEFAULT/DEFAULT/MATH/415

~~~~~~~~~~
MATH
448
Complex Variable
3 OR 4 hours
<p>For students who desire a rigorous introduction to the theory of functions of a complex variable; topics include Cauchy's theorem, the residue theorem, the maximum modulus theorem, Laurent series, the fundamental theorem of algebra, and the argument principle. </p>
<p>3 or 4 undergraduate hours. 3 or 4 graduate hours. Credit is not given for both <a href="/schedule/terms/MATH/448">MATH 448</a> and <a href="/schedule/terms/MATH/446">MATH 446</a>. 4 hours of credit requires approval of the instructor and department with completion of additional work of substance. Prerequisite: <a href="/schedule/terms/MATH/447">MATH 447</a>.</p>
None
https://courses.illinois.edu/schedule/DEFAULT/DEFAULT/MATH/448

~~~~~~~~~~
MATH
461
Probability Theor
3 OR 4 hours
<p>Introduction to mathematical probability; includes the calculus of probability, combinatorial analysis, random variables, expectation, distribution functions, moment-generating functions, and central limit theorem. </p>
<p>3 or 4 undergraduate hours. 3 or 4 graduate hours. Credit is not given for both <a href="/schedule/terms/MATH/461">MATH 461</a> and either <a href="/schedule/terms/MATH/408">MATH 408</a> or <a href="/schedule/terms/ECE/313">ECE 313</a>. 4 hours of credit requires approval of the instructor and department with completion of additional work of substance. Prerequisite: <a href="/schedule/terms/MATH/241">MATH 241</a> or equivalent.</p>
None
https://courses.illinois.edu/schedule/DEFAULT/DEFAULT/MATH/461

~~~~~~~~~~
PHYS
211
University Physics: Mechanic
4 hours
<p>Newton's Laws, work and energy, static properties and fluids, oscillations, transverse waves, systems of particles, and rotations. A calculus-based approach for majors in engineering, mathematics, physics and chemistry. </p>
<p>Credit is not given for both <a href="/schedule/terms/PHYS/211">PHYS 211</a> and <a href="/schedule/terms/PHYS/101">PHYS 101</a>. Prerequisite: Credit or concurrent registration in <a href="/schedule/terms/MATH/231">MATH 231</a>.</p>
<p>For students in engineering, mathematics, physics and chemistry. Exams are given in the evening (during fall and spring semesters). Register for a lecture (A) section, a discussion (D) section and a laboratory (L) section. Engineering students must obtain a dean's approval to drop this course after the second week of instruction.</p>

[u'Physical Sciences', u'Quant Reasoning II']
https://courses.illinois.edu/schedule/DEFAULT/DEFAULT/PHYS/211

~~~~~~~~~~
PHYS
212
University Physics: Elec &amp; Ma
4 hours
<p>Coulomb's Law, electric fields, Gauss' Law, electric potential, capacitance, circuits, magnetic forces and fields, Ampere's law, induction, electromagnetic waves, polarization, and geometrical optics. A calculus-based approach for majors in engineering, mathematics, physics, and chemistry. </p>
<p>Credit is not given for both <a href="/schedule/terms/PHYS/212">PHYS 212</a> and <a href="/schedule/terms/PHYS/102">PHYS 102</a>. Prerequisite: <a href="/schedule/terms/PHYS/211">PHYS 211</a>; credit or concurrent registration in <a href="/schedule/terms/MATH/241">MATH 241</a>.</p>
<p>For students in engineering, mathematics, physics and chemistry. Exams are given in the evening (during fall and spring semesters). Register for a lecture (A) section, a discussion (D) section and a laboratory (L) section. Engineering students must obtain a dean's approval to drop this course after the second week of instruction.</p>

[u'Physical Sciences', u'Quant Reasoning II']
https://courses.illinois.edu/schedule/DEFAULT/DEFAULT/PHYS/212

~~~~~~~~~~
PHYS
213
Univ Physics: Thermal Physic
2 hours
<p>First and second laws of thermodynamics including kinetic theory of gases, heat capacity, heat engines, introduction to entropy and statistical mechanics, and introduction to application of free energy and Boltzmann factor. A calculus-based approach for majors in engineering, mathematics, physics and chemistry. </p>
<p>Credit is not given for both <a href="/schedule/terms/PHYS/213">PHYS 213</a> and <a href="/schedule/terms/PHYS/101">PHYS 101</a>. Prerequisite: <a href="/schedule/terms/PHYS/211">PHYS 211</a>; credit or concurrent registration in <a href="/schedule/terms/MATH/241">MATH 241</a>.</p>
<p>For students in engineering, mathematics, physics and chemistry. Exams are given in the evening (during fall and spring semesters). <a href="/schedule/terms/PHYS/213">PHYS 213</a> meets only during part of the term; check the meeting dates. Register for a lecture (A) section, a discussion (D) section and a laboratory (L) section. Engineering students must obtain a dean's approval to drop this course after the second week of instruction.</p>

[u'Physical Sciences', u'Quant Reasoning II']
https://courses.illinois.edu/schedule/DEFAULT/DEFAULT/PHYS/213

~~~~~~~~~~
STAT
400
Statistics and Probability 
4 hours
<p>Introduction to mathematical statistics that develops probability as needed; includes the calculus of probability, random variables, expectation, distribution functions, central limit theorem, point estimation, confidence intervals, and hypothesis testing. Offers a basic one-term introduction to statistics and also prepares students for <a href="/schedule/terms/STAT/410">STAT 410</a>. </p>
<p>Same as <a href="/schedule/2017/fall/MATH/463">MATH 463</a>. 4 undergraduate hours. 4 graduate hours. Prerequisite: <a href="/schedule/2017/fall/MATH/241">MATH 241</a> or equivalent.</p>
<p>Students must register for one discussion and one lecture section.</p>
None
https://courses.illinois.edu/schedule/DEFAULT/DEFAULT/STAT/400

~~~~~~~~~~
TAM
211
Static
3 hours
<p>Forces, moments, and couples; resultants of force systems; equilibrium analysis and free-body diagrams; analysis of forces acting on members of trusses, frames, etc.; shear-force and bending-moment distributions; Coulomb friction; centroids, center of mass, moment of inertia, polar moment of inertia, and product of inertia; virtual work; hydrostatic pressure; applications of statics in design. </p>
<p>Credit is not given for both <a href="/schedule/terms/TAM/211">TAM 211</a> and <a href="/schedule/terms/TAM/210">TAM 210</a>. Prerequisite: <a href="/schedule/terms/PHYS/211">PHYS 211</a>; credit or concurrent registration in <a href="/schedule/terms/MATH/241">MATH 241</a>.</p>
<p>Students must register for one discussion and one lecture section.</p>
None
https://courses.illinois.edu/schedule/DEFAULT/DEFAULT/TAM/211

~~~~~~~~~~
TAM
212
Introductory Dynamic
3 hours
<p>Kinematics and dynamics of the three-dimensional motion of particles; kinematics and dynamics of the plane motion of rigid bodies; methods of work energy and impulse momentum; moving reference frames. </p>
<p>Prerequisite: <a href="/schedule/terms/TAM/210">TAM 210</a> or <a href="/schedule/terms/TAM/211">TAM 211</a>.</p>
None
https://courses.illinois.edu/schedule/DEFAULT/DEFAULT/TAM/212

~~~~~~~~~~
TAM
251
Introductory Solid Mechanic
3 hours
<p>Relationship between internal stresses and deformations produced by external forces acting on deformable bodies, and design principles based on mechanics of solids: normal stresses, shear stresses, and deformations produced by tensile, compressive, torsional, and bending loading of members; beam deflections; elastic energy and impact; multi-dimensional stress states; buckling of columns. </p>
<p>Prerequisite: <a href="/schedule/terms/TAM/210">TAM 210</a> or <a href="/schedule/terms/TAM/211">TAM 211</a>.</p>
None
https://courses.illinois.edu/schedule/DEFAULT/DEFAULT/TAM/251

